#
# There is insufficient memory for the Java Runtime Environment to continue.
# Native memory allocation (mmap) failed to map 142606336 bytes for committing reserved memory.
# Possible reasons:
#   The system is out of physical RAM or swap space
#   In 32 bit mode, the process size limit was hit
# Possible solutions:
#   Reduce memory load on the system
#   Increase physical memory or swap space
#   Check if swap backing store is full
#   Use 64 bit Java on a 64 bit OS
#   Decrease Java heap size (-Xmx/-Xms)
#   Decrease number of Java threads
#   Decrease Java thread stack sizes (-Xss)
#   Set larger code cache with -XX:ReservedCodeCacheSize=
# This output file may be truncated or incomplete.
#
#  Out of Memory Error (os_linux.cpp:2627), pid=18785, tid=139870236292864
#
# JRE version: Java(TM) SE Runtime Environment (8.0_91-b14) (build 1.8.0_91-b14)
# Java VM: Java HotSpot(TM) 64-Bit Server VM (25.91-b14 mixed mode linux-amd64 compressed oops)
# Failed to write core dump. Core dumps have been disabled. To enable core dumping, try "ulimit -c unlimited" before starting Java again
#

---------------  T H R E A D  ---------------

Current thread (0x00007f3634078000):  VMThread [stack: 0x00007f3613afb000,0x00007f3613bfc000] [id=18802]

Stack: [0x00007f3613afb000,0x00007f3613bfc000],  sp=0x00007f3613bfa0a0,  free space=1020k
Native frames: (J=compiled Java code, j=interpreted, Vv=VM code, C=native code)
V  [libjvm.so+0xabc18a]  VMError::report_and_die()+0x2ba
V  [libjvm.so+0x4fafeb]  report_vm_out_of_memory(char const*, int, unsigned long, VMErrorType, char const*)+0x8b
V  [libjvm.so+0x91cbb3]  os::Linux::commit_memory_impl(char*, unsigned long, bool)+0x103
V  [libjvm.so+0x91d109]  os::pd_commit_memory(char*, unsigned long, unsigned long, bool)+0x29
V  [libjvm.so+0x91740a]  os::commit_memory(char*, unsigned long, unsigned long, bool)+0x2a
V  [libjvm.so+0x98b033]  PSVirtualSpace::expand_by(unsigned long)+0x53
V  [libjvm.so+0x98c438]  PSYoungGen::resize_generation(unsigned long, unsigned long)+0xf8
V  [libjvm.so+0x98b592]  PSYoungGen::resize(unsigned long, unsigned long)+0x22
V  [libjvm.so+0x98886b]  PSScavenge::invoke_no_policy()+0xf3b
V  [libjvm.so+0x988ff1]  PSScavenge::invoke()+0x41
V  [libjvm.so+0x9408b0]  ParallelScavengeHeap::failed_mem_allocate(unsigned long)+0x70
V  [libjvm.so+0xabdba7]  VM_ParallelGCFailedAllocation::doit()+0x97
V  [libjvm.so+0xac55d5]  VM_Operation::evaluate()+0x55
V  [libjvm.so+0xac39aa]  VMThread::evaluate_operation(VM_Operation*)+0xba
V  [libjvm.so+0xac3d2e]  VMThread::loop()+0x1ce
V  [libjvm.so+0xac41a0]  VMThread::run()+0x70
V  [libjvm.so+0x91ef78]  java_start(Thread*)+0x108

VM_Operation (0x00007f3612cb66f0): ParallelGCFailedAllocation, mode: safepoint, requested by thread 0x00007f363415c000


---------------  P R O C E S S  ---------------

Java Threads: ( => current thread )
  0x00007f363415e000 JavaThread "pool-2-thread-4" [_thread_blocked, id=18863, stack(0x00007f3612ab7000,0x00007f3612bb8000)]
  0x00007f363415c000 JavaThread "pool-2-thread-3" [_thread_blocked, id=18862, stack(0x00007f3612bb8000,0x00007f3612cb9000)]
  0x00007f363415a800 JavaThread "pool-2-thread-2" [_thread_blocked, id=18860, stack(0x00007f3612cb9000,0x00007f3612dba000)]
  0x00007f3634159800 JavaThread "pool-3-thread-1" [_thread_blocked, id=18858, stack(0x00007f3612dba000,0x00007f3612ebb000)]
  0x00007f3634157800 JavaThread "pool-2-thread-1" [_thread_blocked, id=18857, stack(0x00007f3612ebb000,0x00007f3612fbc000)]
  0x00007f36340da800 JavaThread "Service Thread" daemon [_thread_blocked, id=18815, stack(0x00007f36130bd000,0x00007f36131be000)]
  0x00007f36340bd800 JavaThread "C1 CompilerThread2" daemon [_thread_blocked, id=18814, stack(0x00007f36131be000,0x00007f36132bf000)]
  0x00007f36340bb800 JavaThread "C2 CompilerThread1" daemon [_thread_blocked, id=18813, stack(0x00007f36132bf000,0x00007f36133c0000)]
  0x00007f36340b8800 JavaThread "C2 CompilerThread0" daemon [_thread_blocked, id=18812, stack(0x00007f36133c0000,0x00007f36134c1000)]
  0x00007f36340b7000 JavaThread "Signal Dispatcher" daemon [_thread_blocked, id=18811, stack(0x00007f36134c1000,0x00007f36135c2000)]
  0x00007f3634084800 JavaThread "Finalizer" daemon [_thread_blocked, id=18807, stack(0x00007f36138f9000,0x00007f36139fa000)]
  0x00007f363407f800 JavaThread "Reference Handler" daemon [_thread_blocked, id=18806, stack(0x00007f36139fa000,0x00007f3613afb000)]
  0x00007f363400a000 JavaThread "main" [_thread_blocked, id=18787, stack(0x00007f363a26d000,0x00007f363a36e000)]

Other Threads:
=>0x00007f3634078000 VMThread [stack: 0x00007f3613afb000,0x00007f3613bfc000] [id=18802]
  0x00007f36340dd800 WatcherThread [stack: 0x00007f3612fbc000,0x00007f36130bd000] [id=18849]

VM state:at safepoint (normal execution)

VM Mutex/Monitor currently owned by a thread:  ([mutex/lock_event])
[0x00007f3634006790] Threads_lock - owner thread: 0x00007f3634078000
[0x00007f3634006c90] Heap_lock - owner thread: 0x00007f363415c000

Heap:
 PSYoungGen      total 143872K, used 18404K [0x00000000eab00000, 0x00000000f4b00000, 0x0000000100000000)
  eden space 125440K, 0% used [0x00000000eab00000,0x00000000eab00000,0x00000000f2580000)
  from space 18432K, 99% used [0x00000000f2580000,0x00000000f3779300,0x00000000f3780000)
  to   space 16896K, 0% used [0x00000000f3780000,0x00000000f3780000,0x00000000f4800000)
 ParOldGen       total 84992K, used 35649K [0x00000000c0000000, 0x00000000c5300000, 0x00000000eab00000)
  object space 84992K, 41% used [0x00000000c0000000,0x00000000c22d0758,0x00000000c5300000)
 Metaspace       used 6284K, capacity 7128K, committed 7424K, reserved 1056768K
  class space    used 612K, capacity 656K, committed 768K, reserved 1048576K

Card table byte_map: [0x00007f3623dba000,0x00007f3623fbb000] byte_map_base: 0x00007f36237ba000

Marking Bits: (ParMarkBitMap*) 0x00007f3639766d60
 Begin Bits: [0x00007f3621860000, 0x00007f3622860000)
 End Bits:   [0x00007f3622860000, 0x00007f3623860000)

Polling page: 0x00007f363a38c000

CodeCache: size=245760Kb used=6524Kb max_used=6524Kb free=239235Kb
 bounds [0x00007f362437b000, 0x00007f36249eb000, 0x00007f363337b000]
 total_blobs=2019 nmethods=1750 adapters=182
 compilation: enabled

Compilation events (10 events):
Event: 10.957 Thread 0x00007f36340bd800 nmethod 2038 0x00007f36249d8a90 code [0x00007f36249d8c80, 0x00007f36249d91f8]
Event: 10.957 Thread 0x00007f36340bd800 2065       2       com.android.dx.dex.file.AnnotationUtils::makeSignature (251 bytes)
Event: 10.981 Thread 0x00007f36340bd800 nmethod 2065 0x00007f36249d9510 code [0x00007f36249d9820, 0x00007f36249da8c8]
Event: 10.982 Thread 0x00007f36340bd800 2068       3       com.android.dx.rop.code.DexTranslationAdvice::totalRopWidth (36 bytes)
Event: 10.982 Thread 0x00007f36340bd800 nmethod 2068 0x00007f36249dbf90 code [0x00007f36249dc160, 0x00007f36249dc948]
Event: 10.982 Thread 0x00007f36340bd800 2066       2       com.android.dx.ssa.PhiInsn::updateSourcesToDefinitions (68 bytes)
Event: 10.983 Thread 0x00007f36340bd800 nmethod 2066 0x00007f36249dcc90 code [0x00007f36249dce40, 0x00007f36249dd218]
Event: 10.983 Thread 0x00007f36340bd800 2071 %     3       com.android.dx.ssa.PhiInsn::mapSourceRegisters @ 8 (78 bytes)
Event: 10.984 Thread 0x00007f36340bd800 nmethod 2071% 0x00007f36249dd5d0 code [0x00007f36249dd7c0, 0x00007f36249de238]
Event: 10.984 Thread 0x00007f36340bd800 2067       2       com.android.dx.ssa.NormalSsaInsn::changeOneSource (120 bytes)

GC Heap History (10 events):
Event: 5.698 GC heap after
Heap after GC invocations=2 (full 0):
 PSYoungGen      total 36864K, used 5111K [0x00000000eab00000, 0x00000000ef300000, 0x0000000100000000)
  eden space 31744K, 0% used [0x00000000eab00000,0x00000000eab00000,0x00000000eca00000)
  from space 5120K, 99% used [0x00000000ecf00000,0x00000000ed3fdc88,0x00000000ed400000)
  to   space 5120K, 0% used [0x00000000eca00000,0x00000000eca00000,0x00000000ecf00000)
 ParOldGen       total 84992K, used 4829K [0x00000000c0000000, 0x00000000c5300000, 0x00000000eab00000)
  object space 84992K, 5% used [0x00000000c0000000,0x00000000c04b7520,0x00000000c5300000)
 Metaspace       used 5853K, capacity 6832K, committed 7040K, reserved 1056768K
  class space    used 591K, capacity 616K, committed 640K, reserved 1048576K
}
Event: 6.333 GC heap before
{Heap before GC invocations=3 (full 0):
 PSYoungGen      total 36864K, used 36855K [0x00000000eab00000, 0x00000000ef300000, 0x0000000100000000)
  eden space 31744K, 100% used [0x00000000eab00000,0x00000000eca00000,0x00000000eca00000)
  from space 5120K, 99% used [0x00000000ecf00000,0x00000000ed3fdc88,0x00000000ed400000)
  to   space 5120K, 0% used [0x00000000eca00000,0x00000000eca00000,0x00000000ecf00000)
 ParOldGen       total 84992K, used 4829K [0x00000000c0000000, 0x00000000c5300000, 0x00000000eab00000)
  object space 84992K, 5% used [0x00000000c0000000,0x00000000c04b7520,0x00000000c5300000)
 Metaspace       used 5908K, capacity 6896K, committed 7040K, reserved 1056768K
  class space    used 591K, capacity 616K, committed 640K, reserved 1048576K
Event: 6.425 GC heap after
Heap after GC invocations=3 (full 0):
 PSYoungGen      total 36864K, used 5088K [0x00000000eab00000, 0x00000000ef300000, 0x0000000100000000)
  eden space 31744K, 0% used [0x00000000eab00000,0x00000000eab00000,0x00000000eca00000)
  from space 5120K, 99% used [0x00000000eca00000,0x00000000ecef8028,0x00000000ecf00000)
  to   space 5120K, 0% used [0x00000000eee00000,0x00000000eee00000,0x00000000ef300000)
 ParOldGen       total 84992K, used 9697K [0x00000000c0000000, 0x00000000c5300000, 0x00000000eab00000)
  object space 84992K, 11% used [0x00000000c0000000,0x00000000c0978728,0x00000000c5300000)
 Metaspace       used 5908K, capacity 6896K, committed 7040K, reserved 1056768K
  class space    used 591K, capacity 616K, committed 640K, reserved 1048576K
}
Event: 6.914 GC heap before
{Heap before GC invocations=4 (full 0):
 PSYoungGen      total 36864K, used 36832K [0x00000000eab00000, 0x00000000ef300000, 0x0000000100000000)
  eden space 31744K, 100% used [0x00000000eab00000,0x00000000eca00000,0x00000000eca00000)
  from space 5120K, 99% used [0x00000000eca00000,0x00000000ecef8028,0x00000000ecf00000)
  to   space 5120K, 0% used [0x00000000eee00000,0x00000000eee00000,0x00000000ef300000)
 ParOldGen       total 84992K, used 9697K [0x00000000c0000000, 0x00000000c5300000, 0x00000000eab00000)
  object space 84992K, 11% used [0x00000000c0000000,0x00000000c0978728,0x00000000c5300000)
 Metaspace       used 5927K, capacity 6896K, committed 7040K, reserved 1056768K
  class space    used 591K, capacity 616K, committed 640K, reserved 1048576K
Event: 7.002 GC heap after
Heap after GC invocations=4 (full 0):
 PSYoungGen      total 68608K, used 5088K [0x00000000eab00000, 0x00000000ef300000, 0x0000000100000000)
  eden space 63488K, 0% used [0x00000000eab00000,0x00000000eab00000,0x00000000ee900000)
  from space 5120K, 99% used [0x00000000eee00000,0x00000000ef2f8028,0x00000000ef300000)
  to   space 5120K, 0% used [0x00000000ee900000,0x00000000ee900000,0x00000000eee00000)
 ParOldGen       total 84992K, used 15214K [0x00000000c0000000, 0x00000000c5300000, 0x00000000eab00000)
  object space 84992K, 17% used [0x00000000c0000000,0x00000000c0edb818,0x00000000c5300000)
 Metaspace       used 5927K, capacity 6896K, committed 7040K, reserved 1056768K
  class space    used 591K, capacity 616K, committed 640K, reserved 1048576K
}
Event: 8.151 GC heap before
{Heap before GC invocations=5 (full 0):
 PSYoungGen      total 68608K, used 68576K [0x00000000eab00000, 0x00000000ef300000, 0x0000000100000000)
  eden space 63488K, 100% used [0x00000000eab00000,0x00000000ee900000,0x00000000ee900000)
  from space 5120K, 99% used [0x00000000eee00000,0x00000000ef2f8028,0x00000000ef300000)
  to   space 5120K, 0% used [0x00000000ee900000,0x00000000ee900000,0x00000000eee00000)
 ParOldGen       total 84992K, used 15214K [0x00000000c0000000, 0x00000000c5300000, 0x00000000eab00000)
  object space 84992K, 17% used [0x00000000c0000000,0x00000000c0edb818,0x00000000c5300000)
 Metaspace       used 5997K, capacity 6960K, committed 7040K, reserved 1056768K
  class space    used 591K, capacity 616K, committed 640K, reserved 1048576K
Event: 8.320 GC heap after
Heap after GC invocations=5 (full 0):
 PSYoungGen      total 68608K, used 5088K [0x00000000eab00000, 0x00000000f4800000, 0x0000000100000000)
  eden space 63488K, 0% used [0x00000000eab00000,0x00000000eab00000,0x00000000ee900000)
  from space 5120K, 99% used [0x00000000ee900000,0x00000000eedf8048,0x00000000eee00000)
  to   space 16896K, 0% used [0x00000000f3780000,0x00000000f3780000,0x00000000f4800000)
 ParOldGen       total 84992K, used 25645K [0x00000000c0000000, 0x00000000c5300000, 0x00000000eab00000)
  object space 84992K, 30% used [0x00000000c0000000,0x00000000c190b6b8,0x00000000c5300000)
 Metaspace       used 5997K, capacity 6960K, committed 7040K, reserved 1056768K
  class space    used 591K, capacity 616K, committed 640K, reserved 1048576K
}
Event: 9.471 GC heap before
{Heap before GC invocations=6 (full 0):
 PSYoungGen      total 68608K, used 68576K [0x00000000eab00000, 0x00000000f4800000, 0x0000000100000000)
  eden space 63488K, 100% used [0x00000000eab00000,0x00000000ee900000,0x00000000ee900000)
  from space 5120K, 99% used [0x00000000ee900000,0x00000000eedf8048,0x00000000eee00000)
  to   space 16896K, 0% used [0x00000000f3780000,0x00000000f3780000,0x00000000f4800000)
 ParOldGen       total 84992K, used 25645K [0x00000000c0000000, 0x00000000c5300000, 0x00000000eab00000)
  object space 84992K, 30% used [0x00000000c0000000,0x00000000c190b6b8,0x00000000c5300000)
 Metaspace       used 6041K, capacity 7024K, committed 7296K, reserved 1056768K
  class space    used 591K, capacity 616K, committed 640K, reserved 1048576K
Event: 9.669 GC heap after
Heap after GC invocations=6 (full 0):
 PSYoungGen      total 142336K, used 15535K [0x00000000eab00000, 0x00000000f4b00000, 0x0000000100000000)
  eden space 125440K, 0% used [0x00000000eab00000,0x00000000eab00000,0x00000000f2580000)
  from space 16896K, 91% used [0x00000000f3780000,0x00000000f46abe98,0x00000000f4800000)
  to   space 18432K, 0% used [0x00000000f2580000,0x00000000f2580000,0x00000000f3780000)
 ParOldGen       total 84992K, used 25645K [0x00000000c0000000, 0x00000000c5300000, 0x00000000eab00000)
  object space 84992K, 30% used [0x00000000c0000000,0x00000000c190b6b8,0x00000000c5300000)
 Metaspace       used 6041K, capacity 7024K, committed 7296K, reserved 1056768K
  class space    used 591K, capacity 616K, committed 640K, reserved 1048576K
}
Event: 10.995 GC heap before
{Heap before GC invocations=7 (full 0):
 PSYoungGen      total 142336K, used 140975K [0x00000000eab00000, 0x00000000f4b00000, 0x0000000100000000)
  eden space 125440K, 100% used [0x00000000eab00000,0x00000000f2580000,0x00000000f2580000)
  from space 16896K, 91% used [0x00000000f3780000,0x00000000f46abe98,0x00000000f4800000)
  to   space 18432K, 0% used [0x00000000f2580000,0x00000000f2580000,0x00000000f3780000)
 ParOldGen       total 84992K, used 25645K [0x00000000c0000000, 0x00000000c5300000, 0x00000000eab00000)
  object space 84992K, 30% used [0x00000000c0000000,0x00000000c190b6b8,0x00000000c5300000)
 Metaspace       used 6284K, capacity 7128K, committed 7424K, reserved 1056768K
  class space    used 612K, capacity 656K, committed 768K, reserved 1048576K

Deoptimization events (10 events):
Event: 6.698 Thread 0x00007f363400a000 Uncommon trap: reason=unstable_if action=reinterpret pc=0x00007f36245ba020 method=com.android.dx.rop.code.RegisterSpec.equals(ILcom/android/dx/rop/type/TypeBearer;Lcom/android/dx/rop/code/LocalItem;)Z @ 42
Event: 6.704 Thread 0x00007f363415c000 Uncommon trap: reason=unstable_if action=reinterpret pc=0x00007f36246b09d8 method=com.android.dx.dex.code.OutputFinisher.hasLocalInfo(Lcom/android/dx/dex/code/DalvInsn;)Z @ 24
Event: 7.134 Thread 0x00007f363415e000 Uncommon trap: reason=bimorphic action=maybe_recompile pc=0x00007f362459bd78 method=java.util.HashMap.getNode(ILjava/lang/Object;)Ljava/util/HashMap$Node; @ 126
Event: 7.134 Thread 0x00007f363415e000 Uncommon trap: reason=bimorphic action=maybe_recompile pc=0x00007f362459bd78 method=java.util.HashMap.getNode(ILjava/lang/Object;)Ljava/util/HashMap$Node; @ 126
Event: 7.134 Thread 0x00007f363415e000 Uncommon trap: reason=bimorphic action=maybe_recompile pc=0x00007f362459bd78 method=java.util.HashMap.getNode(ILjava/lang/Object;)Ljava/util/HashMap$Node; @ 126
Event: 9.729 Thread 0x00007f3634157800 Uncommon trap: reason=unstable_if action=reinterpret pc=0x00007f36246229fc method=java.util.HashMap.putVal(ILjava/lang/Object;Ljava/lang/Object;ZZ)Ljava/lang/Object; @ 162
Event: 9.818 Thread 0x00007f3634157800 Uncommon trap: reason=unstable_if action=reinterpret pc=0x00007f36247f2db4 method=java.util.HashMap.getNode(ILjava/lang/Object;)Ljava/util/HashMap$Node; @ 84
Event: 10.015 Thread 0x00007f363400a000 Uncommon trap: reason=unstable_if action=reinterpret pc=0x00007f36246fa5bc method=com.android.dx.ssa.SsaMethod.updateOneDefinition(Lcom/android/dx/ssa/SsaInsn;Lcom/android/dx/rop/code/RegisterSpec;)V @ 4
Event: 10.643 Thread 0x00007f363415a800 Uncommon trap: reason=unstable_if action=reinterpret pc=0x00007f3624986c28 method=java.util.HashMap.putVal(ILjava/lang/Object;Ljava/lang/Object;ZZ)Ljava/lang/Object; @ 109
Event: 10.666 Thread 0x00007f363415a800 Uncommon trap: reason=unstable_if action=reinterpret pc=0x00007f3624806a18 method=java.util.HashMap.putVal(ILjava/lang/Object;Ljava/lang/Object;ZZ)Ljava/lang/Object; @ 162

Internal exceptions (6 events):
Event: 0.084 Thread 0x00007f363400a000 Exception <a 'java/lang/NoSuchMethodError': Method sun.misc.Unsafe.defineClass(Ljava/lang/String;[BII)Ljava/lang/Class; name or signature does not match> (0x00000000eab07cc0) thrown at [/HUDSON/workspace/8-2-build-linux-amd64/jdk8u91/6644/hotspot/src/shar
Event: 0.084 Thread 0x00007f363400a000 Exception <a 'java/lang/NoSuchMethodError': Method sun.misc.Unsafe.prefetchRead(Ljava/lang/Object;J)V name or signature does not match> (0x00000000eab07fa8) thrown at [/HUDSON/workspace/8-2-build-linux-amd64/jdk8u91/6644/hotspot/src/share/vm/prims/jni.cpp
Event: 5.346 Thread 0x00007f363415c000 Implicit null exception at 0x00007f3624649210 to 0x00007f362464b76d
Event: 9.762 Thread 0x00007f3634157800 Exception <a 'java/lang/ArrayIndexOutOfBoundsException': 18> (0x00000000eb50a9e8) thrown at [/HUDSON/workspace/8-2-build-linux-amd64/jdk8u91/6644/hotspot/src/share/vm/interpreter/interpreterRuntime.cpp, line 366]
Event: 9.765 Thread 0x00007f3634157800 Exception <a 'java/lang/ArrayIndexOutOfBoundsException': 145> (0x00000000eb50c568) thrown at [/HUDSON/workspace/8-2-build-linux-amd64/jdk8u91/6644/hotspot/src/share/vm/interpreter/interpreterRuntime.cpp, line 366]
Event: 9.777 Thread 0x00007f3634157800 Exception <a 'java/lang/ArrayIndexOutOfBoundsException': 40> (0x00000000eb50d850) thrown at [/HUDSON/workspace/8-2-build-linux-amd64/jdk8u91/6644/hotspot/src/share/vm/interpreter/interpreterRuntime.cpp, line 366]

Events (10 events):
Event: 10.666 Thread 0x00007f363415a800 DEOPT UNPACKING pc=0x00007f3624380229 sp=0x00007f3612db78b8 mode 2
Event: 10.869 Thread 0x00007f363415c000 DEOPT PACKING pc=0x00007f36247ec12d sp=0x00007f3612cb71a0
Event: 10.869 Thread 0x00007f363415c000 DEOPT UNPACKING pc=0x00007f36243c2633 sp=0x00007f3612cb6ef8 mode 0
Event: 10.871 Thread 0x00007f363415a800 DEOPT PACKING pc=0x00007f36247f3dac sp=0x00007f3612db7db0
Event: 10.871 Thread 0x00007f363415a800 DEOPT UNPACKING pc=0x00007f36243c2633 sp=0x00007f3612db7b98 mode 0
Event: 10.887 Thread 0x00007f363415c000 DEOPT PACKING pc=0x00007f362472412c sp=0x00007f3612cb6fe0
Event: 10.887 Thread 0x00007f363415c000 DEOPT UNPACKING pc=0x00007f36243c2633 sp=0x00007f3612cb6ce0 mode 0
Event: 10.898 Thread 0x00007f3634157800 DEOPT PACKING pc=0x00007f3624875b03 sp=0x00007f3612fba110
Event: 10.898 Thread 0x00007f3634157800 DEOPT UNPACKING pc=0x00007f36243c2633 sp=0x00007f3612fb9e80 mode 0
Event: 10.985 Executing VM operation: ParallelGCFailedAllocation


Dynamic libraries:
00400000-00401000 r-xp 00000000 08:07 668331                             /home/zhangwen/下载/jdk1.8.0_91/bin/java
00600000-00601000 rw-p 00000000 08:07 668331                             /home/zhangwen/下载/jdk1.8.0_91/bin/java
0138c000-013ad000 rw-p 00000000 00:00 0                                  [heap]
c0000000-c5300000 rw-p 00000000 00:00 0 
c5300000-eab00000 ---p 00000000 00:00 0 
eab00000-f4b00000 rw-p 00000000 00:00 0 
fd300000-100000000 ---p 00000000 00:00 0 
100000000-1000c0000 rw-p 00000000 00:00 0 
1000c0000-140000000 ---p 00000000 00:00 0 
7f35d0000000-7f35d0021000 rw-p 00000000 00:00 0 
7f35d0021000-7f35d4000000 ---p 00000000 00:00 0 
7f35d8000000-7f35d8021000 rw-p 00000000 00:00 0 
7f35d8021000-7f35dc000000 ---p 00000000 00:00 0 
7f35dc000000-7f35dc023000 rw-p 00000000 00:00 0 
7f35dc023000-7f35e0000000 ---p 00000000 00:00 0 
7f35e0000000-7f35e0026000 rw-p 00000000 00:00 0 
7f35e0026000-7f35e4000000 ---p 00000000 00:00 0 
7f35e4000000-7f35e4021000 rw-p 00000000 00:00 0 
7f35e4021000-7f35e8000000 ---p 00000000 00:00 0 
7f35e8000000-7f35e8021000 rw-p 00000000 00:00 0 
7f35e8021000-7f35ec000000 ---p 00000000 00:00 0 
7f35ec000000-7f35ec021000 rw-p 00000000 00:00 0 
7f35ec021000-7f35f0000000 ---p 00000000 00:00 0 
7f35f0000000-7f35f09a3000 rw-p 00000000 00:00 0 
7f35f09a3000-7f35f4000000 ---p 00000000 00:00 0 
7f35f4000000-7f35f4789000 rw-p 00000000 00:00 0 
7f35f4789000-7f35f8000000 ---p 00000000 00:00 0 
7f35f8000000-7f35f8021000 rw-p 00000000 00:00 0 
7f35f8021000-7f35fc000000 ---p 00000000 00:00 0 
7f35fc000000-7f35fc5dc000 rw-p 00000000 00:00 0 
7f35fc5dc000-7f3600000000 ---p 00000000 00:00 0 
7f3600000000-7f3600021000 rw-p 00000000 00:00 0 
7f3600021000-7f3604000000 ---p 00000000 00:00 0 
7f3604000000-7f3604021000 rw-p 00000000 00:00 0 
7f3604021000-7f3608000000 ---p 00000000 00:00 0 
7f3608000000-7f360828c000 rw-p 00000000 00:00 0 
7f360828c000-7f360c000000 ---p 00000000 00:00 0 
7f360c000000-7f360c021000 rw-p 00000000 00:00 0 
7f360c021000-7f3610000000 ---p 00000000 00:00 0 
7f3612ab7000-7f3612aba000 ---p 00000000 00:00 0 
7f3612aba000-7f3612bb8000 rw-p 00000000 00:00 0                          [stack:18863]
7f3612bb8000-7f3612bbb000 ---p 00000000 00:00 0 
7f3612bbb000-7f3612cb9000 rw-p 00000000 00:00 0                          [stack:18862]
7f3612cb9000-7f3612cbc000 ---p 00000000 00:00 0 
7f3612cbc000-7f3612dba000 rw-p 00000000 00:00 0                          [stack:18860]
7f3612dba000-7f3612dbd000 ---p 00000000 00:00 0 
7f3612dbd000-7f3612ebb000 rw-p 00000000 00:00 0                          [stack:18858]
7f3612ebb000-7f3612ebe000 ---p 00000000 00:00 0 
7f3612ebe000-7f3612fbc000 rw-p 00000000 00:00 0                          [stack:18857]
7f3612fbc000-7f3612fbd000 ---p 00000000 00:00 0 
7f3612fbd000-7f36130bd000 rw-p 00000000 00:00 0                          [stack:18849]
7f36130bd000-7f36130c0000 ---p 00000000 00:00 0 
7f36130c0000-7f36131be000 rw-p 00000000 00:00 0                          [stack:18815]
7f36131be000-7f36131c1000 ---p 00000000 00:00 0 
7f36131c1000-7f36132bf000 rw-p 00000000 00:00 0                          [stack:18814]
7f36132bf000-7f36132c2000 ---p 00000000 00:00 0 
7f36132c2000-7f36133c0000 rw-p 00000000 00:00 0                          [stack:18813]
7f36133c0000-7f36133c3000 ---p 00000000 00:00 0 
7f36133c3000-7f36134c1000 rw-p 00000000 00:00 0                          [stack:18812]
7f36134c1000-7f36134c4000 ---p 00000000 00:00 0 
7f36134c4000-7f36135c2000 rw-p 00000000 00:00 0                          [stack:18811]
7f36135c2000-7f36138f9000 r--p 00000000 08:07 526821                     /usr/lib/locale/locale-archive
7f36138f9000-7f36138fc000 ---p 00000000 00:00 0 
7f36138fc000-7f36139fa000 rw-p 00000000 00:00 0                          [stack:18807]
7f36139fa000-7f36139fd000 ---p 00000000 00:00 0 
7f36139fd000-7f3613afb000 rw-p 00000000 00:00 0                          [stack:18806]
7f3613afb000-7f3613afc000 ---p 00000000 00:00 0 
7f3613afc000-7f3614000000 rw-p 00000000 00:00 0                          [stack:18802]
7f3614000000-7f3614021000 rw-p 00000000 00:00 0 
7f3614021000-7f3618000000 ---p 00000000 00:00 0 
7f3618000000-7f3618021000 rw-p 00000000 00:00 0 
7f3618021000-7f361c000000 ---p 00000000 00:00 0 
7f361c000000-7f361c021000 rw-p 00000000 00:00 0 
7f361c021000-7f3620000000 ---p 00000000 00:00 0 
7f36200b9000-7f36200c0000 r--s 00000000 08:07 794858                     /usr/lib/x86_64-linux-gnu/gconv/gconv-modules.cache
7f36200c0000-7f36200d3000 r--p 00000000 08:07 1719540                    /usr/share/locale/zh_CN/LC_MESSAGES/libc.mo
7f36200d3000-7f36200eb000 r--s 00104000 08:07 2635073                    /home/zhangwen/.gradle/caches/modules-2/files-2.1/cz.msebera.android/httpclient/4.4.1.2/64950d33e2d3095cc831b414063bea45524103d4/httpclient-4.4.1.2.jar
7f36200eb000-7f3620c87000 rw-p 00000000 00:00 0 
7f3620c87000-7f3620e60000 r--s 03d1f000 08:07 1320928                    /home/zhangwen/下载/jdk1.8.0_91/jre/lib/rt.jar
7f3620e60000-7f36214e0000 rw-p 00000000 00:00 0 
7f36214e0000-7f3621660000 ---p 00000000 00:00 0 
7f3621660000-7f3623860000 rw-p 00000000 00:00 0 
7f3623860000-7f3623861000 ---p 00000000 00:00 0 
7f3623861000-7f3623961000 rw-p 00000000 00:00 0                          [stack:18799]
7f3623961000-7f3623962000 ---p 00000000 00:00 0 
7f3623962000-7f3623a62000 rw-p 00000000 00:00 0                          [stack:18797]
7f3623a62000-7f3623a63000 ---p 00000000 00:00 0 
7f3623a63000-7f3623b63000 rw-p 00000000 00:00 0                          [stack:18794]
7f3623b63000-7f3623b64000 ---p 00000000 00:00 0 
7f3623b64000-7f3623c8e000 rw-p 00000000 00:00 0                          [stack:18792]
7f3623c8e000-7f3623dba000 ---p 00000000 00:00 0 
7f3623dba000-7f3623de4000 rw-p 00000000 00:00 0 
7f3623de4000-7f3623f0f000 ---p 00000000 00:00 0 
7f3623f0f000-7f3623f60000 rw-p 00000000 00:00 0 
7f3623f60000-7f3623fba000 ---p 00000000 00:00 0 
7f3623fba000-7f3623fd5000 rw-p 00000000 00:00 0 
7f3623fd5000-7f362437b000 ---p 00000000 00:00 0 
7f362437b000-7f36249eb000 rwxp 00000000 00:00 0 
7f36249eb000-7f363337b000 ---p 00000000 00:00 0 
7f363337b000-7f3633395000 r-xp 00000000 08:07 1320979                    /home/zhangwen/下载/jdk1.8.0_91/jre/lib/amd64/libzip.so
7f3633395000-7f3633595000 ---p 0001a000 08:07 1320979                    /home/zhangwen/下载/jdk1.8.0_91/jre/lib/amd64/libzip.so
7f3633595000-7f3633596000 rw-p 0001a000 08:07 1320979                    /home/zhangwen/下载/jdk1.8.0_91/jre/lib/amd64/libzip.so
7f3633596000-7f36335a1000 r-xp 00000000 08:07 4991365                    /lib/x86_64-linux-gnu/libnss_files-2.22.so
7f36335a1000-7f36337a0000 ---p 0000b000 08:07 4991365                    /lib/x86_64-linux-gnu/libnss_files-2.22.so
7f36337a0000-7f36337a1000 r--p 0000a000 08:07 4991365                    /lib/x86_64-linux-gnu/libnss_files-2.22.so
7f36337a1000-7f36337a2000 rw-p 0000b000 08:07 4991365                    /lib/x86_64-linux-gnu/libnss_files-2.22.so
7f36337a2000-7f36337a8000 rw-p 00000000 00:00 0 
7f36337a8000-7f36337b2000 r-xp 00000000 08:07 4991367                    /lib/x86_64-linux-gnu/libnss_nis-2.22.so
7f36337b2000-7f36339b2000 ---p 0000a000 08:07 4991367                    /lib/x86_64-linux-gnu/libnss_nis-2.22.so
7f36339b2000-7f36339b3000 r--p 0000a000 08:07 4991367                    /lib/x86_64-linux-gnu/libnss_nis-2.22.so
7f36339b3000-7f36339b4000 rw-p 0000b000 08:07 4991367                    /lib/x86_64-linux-gnu/libnss_nis-2.22.so
7f36339b4000-7f36339c9000 r-xp 00000000 08:07 4991362                    /lib/x86_64-linux-gnu/libnsl-2.22.so
7f36339c9000-7f3633bc8000 ---p 00015000 08:07 4991362                    /lib/x86_64-linux-gnu/libnsl-2.22.so
7f3633bc8000-7f3633bc9000 r--p 00014000 08:07 4991362                    /lib/x86_64-linux-gnu/libnsl-2.22.so
7f3633bc9000-7f3633bca000 rw-p 00015000 08:07 4991362                    /lib/x86_64-linux-gnu/libnsl-2.22.so
7f3633bca000-7f3633bcc000 rw-p 00000000 00:00 0 
7f3633bcc000-7f3633bd3000 r-xp 00000000 08:07 4991363                    /lib/x86_64-linux-gnu/libnss_compat-2.22.so
7f3633bd3000-7f3633dd2000 ---p 00007000 08:07 4991363                    /lib/x86_64-linux-gnu/libnss_compat-2.22.so
7f3633dd2000-7f3633dd3000 r--p 00006000 08:07 4991363                    /lib/x86_64-linux-gnu/libnss_compat-2.22.so
7f3633dd3000-7f3633dd4000 rw-p 00007000 08:07 4991363                    /lib/x86_64-linux-gnu/libnss_compat-2.22.so
7f3633dd4000-7f3633dfe000 r-xp 00000000 08:07 1320974                    /home/zhangwen/下载/jdk1.8.0_91/jre/lib/amd64/libjava.so
7f3633dfe000-7f3633ffe000 ---p 0002a000 08:07 1320974                    /home/zhangwen/下载/jdk1.8.0_91/jre/lib/amd64/libjava.so
7f3633ffe000-7f3634000000 rw-p 0002a000 08:07 1320974                    /home/zhangwen/下载/jdk1.8.0_91/jre/lib/amd64/libjava.so
7f3634000000-7f36343a8000 rw-p 00000000 00:00 0 
7f36343a8000-7f3638000000 ---p 00000000 00:00 0 
7f3638004000-7f363809b000 rw-p 00000000 00:00 0 
7f363809b000-7f36380a8000 r-xp 00000000 08:07 1320978                    /home/zhangwen/下载/jdk1.8.0_91/jre/lib/amd64/libverify.so
7f36380a8000-7f36382a8000 ---p 0000d000 08:07 1320978                    /home/zhangwen/下载/jdk1.8.0_91/jre/lib/amd64/libverify.so
7f36382a8000-7f36382aa000 rw-p 0000d000 08:07 1320978                    /home/zhangwen/下载/jdk1.8.0_91/jre/lib/amd64/libverify.so
7f36382aa000-7f36382b1000 r-xp 00000000 08:07 4991371                    /lib/x86_64-linux-gnu/librt-2.22.so
7f36382b1000-7f36384b0000 ---p 00007000 08:07 4991371                    /lib/x86_64-linux-gnu/librt-2.22.so
7f36384b0000-7f36384b1000 r--p 00006000 08:07 4991371                    /lib/x86_64-linux-gnu/librt-2.22.so
7f36384b1000-7f36384b2000 rw-p 00007000 08:07 4991371                    /lib/x86_64-linux-gnu/librt-2.22.so
7f36384b2000-7f36385af000 r-xp 00000000 08:07 4991359                    /lib/x86_64-linux-gnu/libm-2.22.so
7f36385af000-7f36387ae000 ---p 000fd000 08:07 4991359                    /lib/x86_64-linux-gnu/libm-2.22.so
7f36387ae000-7f36387af000 r--p 000fc000 08:07 4991359                    /lib/x86_64-linux-gnu/libm-2.22.so
7f36387af000-7f36387b0000 rw-p 000fd000 08:07 4991359                    /lib/x86_64-linux-gnu/libm-2.22.so
7f36387b0000-7f3639470000 r-xp 00000000 08:07 1593447                    /home/zhangwen/下载/jdk1.8.0_91/jre/lib/amd64/server/libjvm.so
7f3639470000-7f3639670000 ---p 00cc0000 08:07 1593447                    /home/zhangwen/下载/jdk1.8.0_91/jre/lib/amd64/server/libjvm.so
7f3639670000-7f3639748000 rw-p 00cc0000 08:07 1593447                    /home/zhangwen/下载/jdk1.8.0_91/jre/lib/amd64/server/libjvm.so
7f3639748000-7f3639793000 rw-p 00000000 00:00 0 
7f3639793000-7f363992d000 r-xp 00000000 08:07 4991355                    /lib/x86_64-linux-gnu/libc-2.22.so
7f363992d000-7f3639b2d000 ---p 0019a000 08:07 4991355                    /lib/x86_64-linux-gnu/libc-2.22.so
7f3639b2d000-7f3639b31000 r--p 0019a000 08:07 4991355                    /lib/x86_64-linux-gnu/libc-2.22.so
7f3639b31000-7f3639b33000 rw-p 0019e000 08:07 4991355                    /lib/x86_64-linux-gnu/libc-2.22.so
7f3639b33000-7f3639b37000 rw-p 00000000 00:00 0 
7f3639b37000-7f3639b39000 r-xp 00000000 08:07 4991358                    /lib/x86_64-linux-gnu/libdl-2.22.so
7f3639b39000-7f3639d39000 ---p 00002000 08:07 4991358                    /lib/x86_64-linux-gnu/libdl-2.22.so
7f3639d39000-7f3639d3a000 r--p 00002000 08:07 4991358                    /lib/x86_64-linux-gnu/libdl-2.22.so
7f3639d3a000-7f3639d3b000 rw-p 00003000 08:07 4991358                    /lib/x86_64-linux-gnu/libdl-2.22.so
7f3639d3b000-7f3639d50000 r-xp 00000000 08:07 794337                     /home/zhangwen/下载/jdk1.8.0_91/lib/amd64/jli/libjli.so
7f3639d50000-7f3639f50000 ---p 00015000 08:07 794337                     /home/zhangwen/下载/jdk1.8.0_91/lib/amd64/jli/libjli.so
7f3639f50000-7f3639f51000 rw-p 00015000 08:07 794337                     /home/zhangwen/下载/jdk1.8.0_91/lib/amd64/jli/libjli.so
7f3639f51000-7f3639f69000 r-xp 00000000 08:07 4991351                    /lib/x86_64-linux-gnu/libpthread-2.22.so
7f3639f69000-7f363a168000 ---p 00018000 08:07 4991351                    /lib/x86_64-linux-gnu/libpthread-2.22.so
7f363a168000-7f363a169000 r--p 00017000 08:07 4991351                    /lib/x86_64-linux-gnu/libpthread-2.22.so
7f363a169000-7f363a16a000 rw-p 00018000 08:07 4991351                    /lib/x86_64-linux-gnu/libpthread-2.22.so
7f363a16a000-7f363a16e000 rw-p 00000000 00:00 0 
7f363a16e000-7f363a190000 r-xp 00000000 08:07 4991352                    /lib/x86_64-linux-gnu/ld-2.22.so
7f363a194000-7f363a26d000 rw-p 00000000 00:00 0 
7f363a26d000-7f363a270000 ---p 00000000 00:00 0 
7f363a270000-7f363a372000 rw-p 00000000 00:00 0                          [stack:18787]
7f363a374000-7f363a375000 rw-p 00000000 00:00 0 
7f363a375000-7f363a383000 r--s 000e0000 08:07 2627046                    /home/zhangwen/Android/Sdk/build-tools/24.0.0/lib/dx.jar
7f363a383000-7f363a38b000 rw-s 00000000 08:07 2634858                    /tmp/hsperfdata_zhangwen/18785
7f363a38b000-7f363a38c000 rw-p 00000000 00:00 0 
7f363a38c000-7f363a38d000 ---p 00000000 00:00 0 
7f363a38d000-7f363a38f000 rw-p 00000000 00:00 0 
7f363a38f000-7f363a390000 r--p 00021000 08:07 4991352                    /lib/x86_64-linux-gnu/ld-2.22.so
7f363a390000-7f363a391000 rw-p 00022000 08:07 4991352                    /lib/x86_64-linux-gnu/ld-2.22.so
7f363a391000-7f363a392000 rw-p 00000000 00:00 0 
7ffe3d329000-7ffe3d34c000 rw-p 00000000 00:00 0                          [stack]
7ffe3d3a9000-7ffe3d3ab000 r--p 00000000 00:00 0                          [vvar]
7ffe3d3ab000-7ffe3d3ad000 r-xp 00000000 00:00 0                          [vdso]
ffffffffff600000-ffffffffff601000 r-xp 00000000 00:00 0                  [vsyscall]

VM Arguments:
jvm_args: -Djava.awt.headless=true -Xmx1024M -Dfile.encoding=UTF-8 -Duser.country=CN -Duser.language=zh -Duser.variant -Dawt.useSystemAAFontSettings=gasp 
java_command: com.android.dx.command.Main --dex --force-jumbo --num-threads=4 --multi-dex --output /home/zhangwen/AndroidStudioProjects/Geowind_HuNong/HuNong/hunong/build/intermediates/transforms/dex/debug/folders/1000/10/httpclient-4.4.1.2_b4c9587b94b2fc768293e471d5c330dcfb2e8757 /home/zhangwen/.gradle/caches/modules-2/files-2.1/cz.msebera.android/httpclient/4.4.1.2/64950d33e2d3095cc831b414063bea45524103d4/httpclient-4.4.1.2.jar
java_class_path (initial): /home/zhangwen/Android/Sdk/build-tools/24.0.0/lib/dx.jar
Launcher Type: SUN_STANDARD

Environment Variables:
JAVA_HOME=/home/zhangwen/下载/jdk1.8.0_91
_JAVA_OPTIONS=  -Dawt.useSystemAAFontSettings=gasp
PATH=/home/zhangwen/下载/jdk1.8.0_91/bin:/下载/usr/java/jdk1.8.0_91/bin:/usr/local/bin:/usr/bin:/bin:/usr/local/games:/usr/games
LD_LIBRARY_PATH=.:
SHELL=/bin/bash
DISPLAY=:0

Signal Handlers:
SIGSEGV: [libjvm.so+0xabca10], sa_mask[0]=11111111011111111101111111111110, sa_flags=SA_RESTART|SA_SIGINFO
SIGBUS: [libjvm.so+0xabca10], sa_mask[0]=11111111011111111101111111111110, sa_flags=SA_RESTART|SA_SIGINFO
SIGFPE: [libjvm.so+0x919a20], sa_mask[0]=11111111011111111101111111111110, sa_flags=SA_RESTART|SA_SIGINFO
SIGPIPE: [libjvm.so+0x919a20], sa_mask[0]=11111111011111111101111111111110, sa_flags=SA_RESTART|SA_SIGINFO
SIGXFSZ: [libjvm.so+0x919a20], sa_mask[0]=11111111011111111101111111111110, sa_flags=SA_RESTART|SA_SIGINFO
SIGILL: [libjvm.so+0x919a20], sa_mask[0]=11111111011111111101111111111110, sa_flags=SA_RESTART|SA_SIGINFO
SIGUSR1: SIG_DFL, sa_mask[0]=00000000000000000000000000000000, sa_flags=none
SIGUSR2: [libjvm.so+0x91b050], sa_mask[0]=00100000000000000000000000000000, sa_flags=SA_RESTART|SA_SIGINFO
SIGHUP: [libjvm.so+0x91c450], sa_mask[0]=11111111011111111101111111111110, sa_flags=SA_RESTART|SA_SIGINFO
SIGINT: [libjvm.so+0x91c450], sa_mask[0]=11111111011111111101111111111110, sa_flags=SA_RESTART|SA_SIGINFO
SIGTERM: [libjvm.so+0x91c450], sa_mask[0]=11111111011111111101111111111110, sa_flags=SA_RESTART|SA_SIGINFO
SIGQUIT: [libjvm.so+0x91c450], sa_mask[0]=11111111011111111101111111111110, sa_flags=SA_RESTART|SA_SIGINFO


---------------  S Y S T E M  ---------------

OS:DISTRIB_ID=Deepin
DISTRIB_RELEASE=15.2
DISTRIB_DESCRIPTION="Deepin 15.2 "

uname:Linux 4.4.0-2-deepin-amd64 #1 SMP Deepin 4.4.6-3 (2016-06-14) x86_64
libc:glibc 2.22 NPTL 2.22 
rlimit: STACK 8192k, CORE 0k, NPROC 31325, NOFILE 65536, AS infinity
load average:12.44 4.31 2.16

/proc/meminfo:
MemTotal:        8060424 kB
MemFree:          138980 kB
MemAvailable:     469052 kB
Buffers:            5808 kB
Cached:          1877068 kB
SwapCached:            0 kB
Active:          4428624 kB
Inactive:        1724076 kB
Active(anon):    4366448 kB
Inactive(anon):  1453900 kB
Active(file):      62176 kB
Inactive(file):   270176 kB
Unevictable:          48 kB
Mlocked:              48 kB
SwapTotal:             0 kB
SwapFree:              0 kB
Dirty:              5328 kB
Writeback:          5952 kB
AnonPages:       4270712 kB
Mapped:          2310252 kB
Shmem:           1549780 kB
Slab:             101496 kB
SReclaimable:      40080 kB
SUnreclaim:        61416 kB
KernelStack:       14528 kB
PageTables:        53128 kB
NFS_Unstable:          0 kB
Bounce:                0 kB
WritebackTmp:          0 kB
CommitLimit:     4030212 kB
Committed_AS:   12091308 kB
VmallocTotal:   34359738367 kB
VmallocUsed:           0 kB
VmallocChunk:          0 kB
HardwareCorrupted:     0 kB
AnonHugePages:      4096 kB
HugePages_Total:       0
HugePages_Free:        0
HugePages_Rsvd:        0
HugePages_Surp:        0
Hugepagesize:       2048 kB
DirectMap4k:      222668 kB
DirectMap2M:     8046592 kB
DirectMap1G:           0 kB


CPU:total 4 (2 cores per cpu, 2 threads per core) family 6 model 69 stepping 1, cmov, cx8, fxsr, mmx, sse, sse2, sse3, ssse3, sse4.1, sse4.2, popcnt, avx, avx2, aes, clmul, erms, lzcnt, ht, tsc, tscinvbit, bmi1, bmi2

/proc/cpuinfo:
processor	: 0
vendor_id	: GenuineIntel
cpu family	: 6
model		: 69
model name	: Intel(R) Core(TM) i5-4210U CPU @ 1.70GHz
stepping	: 1
microcode	: 0x17
cpu MHz		: 1694.250
cache size	: 3072 KB
physical id	: 0
siblings	: 4
core id		: 0
cpu cores	: 2
apicid		: 0
initial apicid	: 0
fpu		: yes
fpu_exception	: yes
cpuid level	: 13
wp		: yes
flags		: fpu vme de pse tsc msr pae mce cx8 apic sep mtrr pge mca cmov pat pse36 clflush dts acpi mmx fxsr sse sse2 ss ht tm pbe syscall nx pdpe1gb rdtscp lm constant_tsc arch_perfmon pebs bts rep_good nopl xtopology nonstop_tsc aperfmperf eagerfpu pni pclmulqdq dtes64 monitor ds_cpl vmx est tm2 ssse3 sdbg fma cx16 xtpr pdcm pcid sse4_1 sse4_2 movbe popcnt tsc_deadline_timer aes xsave avx f16c rdrand lahf_lm abm ida arat epb pln pts dtherm tpr_shadow vnmi flexpriority ept vpid fsgsbase tsc_adjust bmi1 avx2 smep bmi2 erms invpcid xsaveopt
bugs		:
bogomips	: 4788.72
clflush size	: 64
cache_alignment	: 64
address sizes	: 39 bits physical, 48 bits virtual
power management:

processor	: 1
vendor_id	: GenuineIntel
cpu family	: 6
model		: 69
model name	: Intel(R) Core(TM) i5-4210U CPU @ 1.70GHz
stepping	: 1
microcode	: 0x17
cpu MHz		: 1689.093
cache size	: 3072 KB
physical id	: 0
siblings	: 4
core id		: 1
cpu cores	: 2
apicid		: 2
initial apicid	: 2
fpu		: yes
fpu_exception	: yes
cpuid level	: 13
wp		: yes
flags		: fpu vme de pse tsc msr pae mce cx8 apic sep mtrr pge mca cmov pat pse36 clflush dts acpi mmx fxsr sse sse2 ss ht tm pbe syscall nx pdpe1gb rdtscp lm constant_tsc arch_perfmon pebs bts rep_good nopl xtopology nonstop_tsc aperfmperf eagerfpu pni pclmulqdq dtes64 monitor ds_cpl vmx est tm2 ssse3 sdbg fma cx16 xtpr pdcm pcid sse4_1 sse4_2 movbe popcnt tsc_deadline_timer aes xsave avx f16c rdrand lahf_lm abm ida arat epb pln pts dtherm tpr_shadow vnmi flexpriority ept vpid fsgsbase tsc_adjust bmi1 avx2 smep bmi2 erms invpcid xsaveopt
bugs		:
bogomips	: 4788.72
clflush size	: 64
cache_alignment	: 64
address sizes	: 39 bits physical, 48 bits virtual
power management:

processor	: 2
vendor_id	: GenuineIntel
cpu family	: 6
model		: 69
model name	: Intel(R) Core(TM) i5-4210U CPU @ 1.70GHz
stepping	: 1
microcode	: 0x17
cpu MHz		: 1934.437
cache size	: 3072 KB
physical id	: 0
siblings	: 4
core id		: 0
cpu cores	: 2
apicid		: 1
initial apicid	: 1
fpu		: yes
fpu_exception	: yes
cpuid level	: 13
wp		: yes
flags		: fpu vme de pse tsc msr pae mce cx8 apic sep mtrr pge mca cmov pat pse36 clflush dts acpi mmx fxsr sse sse2 ss ht tm pbe syscall nx pdpe1gb rdtscp lm constant_tsc arch_perfmon pebs bts rep_good nopl xtopology nonstop_tsc aperfmperf eagerfpu pni pclmulqdq dtes64 monitor ds_cpl vmx est tm2 ssse3 sdbg fma cx16 xtpr pdcm pcid sse4_1 sse4_2 movbe popcnt tsc_deadline_timer aes xsave avx f16c rdrand lahf_lm abm ida arat epb pln pts dtherm tpr_shadow vnmi flexpriority ept vpid fsgsbase tsc_adjust bmi1 avx2 smep bmi2 erms invpcid xsaveopt
bugs		:
bogomips	: 4788.72
clflush size	: 64
cache_alignment	: 64
address sizes	: 39 bits physical, 48 bits virtual
power management:

processor	: 3
vendor_id	: GenuineIntel
cpu family	: 6
model		: 69
model name	: Intel(R) Core(TM) i5-4210U CPU @ 1.70GHz
stepping	: 1
microcode	: 0x17
cpu MHz		: 1708.781
cache size	: 3072 KB
physical id	: 0
siblings	: 4
core id		: 1
cpu cores	: 2
apicid		: 3
initial apicid	: 3
fpu		: yes
fpu_exception	: yes
cpuid level	: 13
wp		: yes
flags		: fpu vme de pse tsc msr pae mce cx8 apic sep mtrr pge mca cmov pat pse36 clflush dts acpi mmx fxsr sse sse2 ss ht tm pbe syscall nx pdpe1gb rdtscp lm constant_tsc arch_perfmon pebs bts rep_good nopl xtopology nonstop_tsc aperfmperf eagerfpu pni pclmulqdq dtes64 monitor ds_cpl vmx est tm2 ssse3 sdbg fma cx16 xtpr pdcm pcid sse4_1 sse4_2 movbe popcnt tsc_deadline_timer aes xsave avx f16c rdrand lahf_lm abm ida arat epb pln pts dtherm tpr_shadow vnmi flexpriority ept vpid fsgsbase tsc_adjust bmi1 avx2 smep bmi2 erms invpcid xsaveopt
bugs		:
bogomips	: 4788.72
clflush size	: 64
cache_alignment	: 64
address sizes	: 39 bits physical, 48 bits virtual
power management:



Memory: 4k page, physical 8060424k(138980k free), swap 0k(0k free)

vm_info: Java HotSpot(TM) 64-Bit Server VM (25.91-b14) for linux-amd64 JRE (1.8.0_91-b14), built on Apr  1 2016 00:57:21 by "java_re" with gcc 4.3.0 20080428 (Red Hat 4.3.0-8)

time: Tue Jul 26 23:33:57 2016
elapsed time: 40 seconds (0d 0h 0m 40s)

